<?xml version="1.0" encoding="UTF-8"?>
<!-- Generated by org.testng.reporters.JUnitReportReporter -->
<testsuite hostname="DESKTOP-CQSAK02" failures="0" tests="1" name="IV.LoginToDemo8098gts" time="7.191" errors="0" timestamp="2023-07-10T10:25:18 IST" skipped="0">
  <testcase classname="IV.LoginToDemo8098gts" name="titleTest" time="7.191"/>
</testsuite> <!-- IV.LoginToDemo8098gts -->
